<?xml version="1.0" encoding="UTF-8"?>
<testng-results skipped="0" failed="0" total="1" passed="1">
  <reporter-output>
  </reporter-output>
  <suite name="Default suite" duration-ms="134" started-at="2019-05-07T07:18:09Z" finished-at="2019-05-07T07:18:09Z">
    <groups>
    </groups>
    <test name="Default test" duration-ms="134" started-at="2019-05-07T07:18:09Z" finished-at="2019-05-07T07:18:09Z">
      <class name="com.test.Test_002_manualLogger">
        <test-method status="PASS" signature="method1()[pri:0, instance:com.test.Test_002_manualLogger@71f2a7d5]" name="method1" duration-ms="107" started-at="2019-05-07T12:48:09Z" finished-at="2019-05-07T12:48:09Z">
          <reporter-output>
          </reporter-output>
        </test-method> <!-- method1 -->
      </class> <!-- com.test.Test_002_manualLogger -->
    </test> <!-- Default test -->
  </suite> <!-- Default suite -->
</testng-results>
