<?xml version="1.0" encoding="UTF-8"?>
<testng-results skipped="0" failed="0" total="1" passed="1">
  <reporter-output>
  </reporter-output>
  <suite name="Suite" duration-ms="27139" started-at="2019-05-06T09:32:45Z" finished-at="2019-05-06T09:33:13Z">
    <groups>
    </groups>
    <test name="Test" duration-ms="27139" started-at="2019-05-06T09:32:45Z" finished-at="2019-05-06T09:33:13Z">
      <class name="com.selenium.TestClass09">
        <test-method status="PASS" signature="setup()[pri:0, instance:com.selenium.TestClass09@28f67ac7]" name="setup" is-config="true" duration-ms="10753" started-at="2019-05-06T15:02:45Z" finished-at="2019-05-06T15:02:56Z">
          <reporter-output>
          </reporter-output>
        </test-method> <!-- setup -->
        <test-method status="PASS" signature="method1()[pri:0, instance:com.selenium.TestClass09@28f67ac7]" name="method1" duration-ms="15663" started-at="2019-05-06T15:02:56Z" finished-at="2019-05-06T15:03:12Z">
          <reporter-output>
          </reporter-output>
        </test-method> <!-- method1 -->
        <test-method status="PASS" signature="tearDown()[pri:0, instance:com.selenium.TestClass09@28f67ac7]" name="tearDown" is-config="true" duration-ms="705" started-at="2019-05-06T15:03:12Z" finished-at="2019-05-06T15:03:13Z">
          <reporter-output>
          </reporter-output>
        </test-method> <!-- tearDown -->
      </class> <!-- com.selenium.TestClass09 -->
    </test> <!-- Test -->
  </suite> <!-- Suite -->
</testng-results>
