<?xml version="1.0" encoding="UTF-8"?>
<testng-results skipped="0" failed="0" total="3" passed="3">
  <reporter-output>
  </reporter-output>
  <suite name="Suite" duration-ms="20" started-at="2019-05-08T04:05:02Z" finished-at="2019-05-08T04:05:02Z">
    <groups>
      <group name="Regression">
        <method signature="TestClass002_Groups.method5()[pri:0, instance:com.advanced.TestClass002_Groups@721e0f4f]" name="method5" class="com.advanced.TestClass002_Groups"/>
      </group> <!-- Regression -->
      <group name="Smoke">
        <method signature="TestClass002_Groups.method1()[pri:0, instance:com.advanced.TestClass002_Groups@721e0f4f]" name="method1" class="com.advanced.TestClass002_Groups"/>
        <method signature="TestClass002_Groups.method2()[pri:0, instance:com.advanced.TestClass002_Groups@721e0f4f]" name="method2" class="com.advanced.TestClass002_Groups"/>
        <method signature="TestClass002_Groups.method5()[pri:0, instance:com.advanced.TestClass002_Groups@721e0f4f]" name="method5" class="com.advanced.TestClass002_Groups"/>
      </group> <!-- Smoke -->
    </groups>
    <test name="Test" duration-ms="20" started-at="2019-05-08T04:05:02Z" finished-at="2019-05-08T04:05:02Z">
      <class name="com.advanced.TestClass002_Groups">
        <test-method status="PASS" signature="method1()[pri:0, instance:com.advanced.TestClass002_Groups@721e0f4f]" name="method1" duration-ms="8" started-at="2019-05-08T09:35:02Z" finished-at="2019-05-08T09:35:02Z">
          <reporter-output>
          </reporter-output>
        </test-method> <!-- method1 -->
        <test-method status="PASS" signature="method2()[pri:0, instance:com.advanced.TestClass002_Groups@721e0f4f]" name="method2" duration-ms="0" started-at="2019-05-08T09:35:02Z" finished-at="2019-05-08T09:35:02Z">
          <reporter-output>
          </reporter-output>
        </test-method> <!-- method2 -->
        <test-method status="PASS" signature="method5()[pri:0, instance:com.advanced.TestClass002_Groups@721e0f4f]" name="method5" duration-ms="0" started-at="2019-05-08T09:35:02Z" finished-at="2019-05-08T09:35:02Z">
          <reporter-output>
          </reporter-output>
        </test-method> <!-- method5 -->
      </class> <!-- com.advanced.TestClass002_Groups -->
    </test> <!-- Test -->
  </suite> <!-- Suite -->
</testng-results>
