<?xml version="1.0" encoding="UTF-8"?>
<testng-results skipped="3" failed="0" total="3" passed="0">
  <reporter-output>
  </reporter-output>
  <suite name="Suite" duration-ms="128" started-at="2019-05-07T10:11:21Z" finished-at="2019-05-07T10:11:21Z">
    <groups>
    </groups>
    <test name="Test" duration-ms="128" started-at="2019-05-07T10:11:21Z" finished-at="2019-05-07T10:11:21Z">
      <class name="com.tests.PHPTravelsTest">
        <test-method status="FAIL" signature="setUp()[pri:0, instance:com.tests.PHPTravelsTest@6833ce2c]" name="setUp" is-config="true" duration-ms="0" started-at="2019-05-07T15:41:21Z" finished-at="2019-05-07T15:41:21Z">
          <exception class="java.lang.IllegalStateException">
            <message>
              <![CDATA[The path to the driver executable must be set by the webdriver.chrome.driver system property; for more information, see https://github.com/SeleniumHQ/selenium/wiki/ChromeDriver. The latest version can be downloaded from http://chromedriver.storage.googleapis.com/index.html]]>
            </message>
            <full-stacktrace>
              <![CDATA[java.lang.IllegalStateException: The path to the driver executable must be set by the webdriver.chrome.driver system property; for more information, see https://github.com/SeleniumHQ/selenium/wiki/ChromeDriver. The latest version can be downloaded from http://chromedriver.storage.googleapis.com/index.html
	at com.google.common.base.Preconditions.checkState(Preconditions.java:754)
	at org.openqa.selenium.remote.service.DriverService.findExecutable(DriverService.java:124)
	at org.openqa.selenium.chrome.ChromeDriverService.access$000(ChromeDriverService.java:32)
	at org.openqa.selenium.chrome.ChromeDriverService$Builder.findDefaultExecutable(ChromeDriverService.java:137)
	at org.openqa.selenium.remote.service.DriverService$Builder.build(DriverService.java:339)
	at org.openqa.selenium.chrome.ChromeDriverService.createDefaultService(ChromeDriverService.java:88)
	at org.openqa.selenium.chrome.ChromeDriver.<init>(ChromeDriver.java:123)
	at com.drivers.DriverUtility.initializeDriver(DriverUtility.java:18)
	at com.tests.PHPTravelsTest.setUp(PHPTravelsTest.java:24)
	at sun.reflect.NativeMethodAccessorImpl.invoke0(Native Method)
	at sun.reflect.NativeMethodAccessorImpl.invoke(NativeMethodAccessorImpl.java:62)
	at sun.reflect.DelegatingMethodAccessorImpl.invoke(DelegatingMethodAccessorImpl.java:43)
	at java.lang.reflect.Method.invoke(Method.java:498)
	at org.testng.internal.MethodInvocationHelper.invokeMethod(MethodInvocationHelper.java:84)
	at org.testng.internal.Invoker.invokeConfigurationMethod(Invoker.java:564)
	at org.testng.internal.Invoker.invokeConfigurations(Invoker.java:213)
	at org.testng.internal.Invoker.invokeConfigurations(Invoker.java:138)
	at org.testng.TestRunner.beforeRun(TestRunner.java:641)
	at org.testng.TestRunner.run(TestRunner.java:609)
	at org.testng.SuiteRunner.runTest(SuiteRunner.java:348)
	at org.testng.SuiteRunner.runSequentially(SuiteRunner.java:343)
	at org.testng.SuiteRunner.privateRun(SuiteRunner.java:305)
	at org.testng.SuiteRunner.run(SuiteRunner.java:254)
	at org.testng.SuiteRunnerWorker.runSuite(SuiteRunnerWorker.java:52)
	at org.testng.SuiteRunnerWorker.run(SuiteRunnerWorker.java:86)
	at org.testng.TestNG.runSuitesSequentially(TestNG.java:1224)
	at org.testng.TestNG.runSuitesLocally(TestNG.java:1149)
	at org.testng.TestNG.run(TestNG.java:1057)
	at org.apache.maven.surefire.testng.TestNGExecutor.run(TestNGExecutor.java:295)
	at org.apache.maven.surefire.testng.TestNGXmlTestSuite.execute(TestNGXmlTestSuite.java:84)
	at org.apache.maven.surefire.testng.TestNGProvider.invoke(TestNGProvider.java:90)
	at org.apache.maven.surefire.booter.ForkedBooter.invokeProviderInSameClassLoader(ForkedBooter.java:203)
	at org.apache.maven.surefire.booter.ForkedBooter.runSuitesInProcess(ForkedBooter.java:155)
	at org.apache.maven.surefire.booter.ForkedBooter.main(ForkedBooter.java:103)
]]>
            </full-stacktrace>
          </exception> <!-- java.lang.IllegalStateException -->
          <reporter-output>
          </reporter-output>
        </test-method> <!-- setUp -->
        <test-method status="SKIP" signature="validAdminTest()[pri:0, instance:com.tests.PHPTravelsTest@6833ce2c]" name="validAdminTest" duration-ms="2" started-at="2019-05-07T15:41:21Z" finished-at="2019-05-07T15:41:21Z">
          <reporter-output>
          </reporter-output>
        </test-method> <!-- validAdminTest -->
        <test-method status="SKIP" signature="invalidAdminErrorMessageTest()[pri:0, instance:com.tests.PHPTravelsTest@6833ce2c]" name="invalidAdminErrorMessageTest" duration-ms="0" started-at="2019-05-07T15:41:21Z" finished-at="2019-05-07T15:41:21Z">
          <reporter-output>
          </reporter-output>
        </test-method> <!-- invalidAdminErrorMessageTest -->
        <test-method status="SKIP" signature="invalidEmailErrorMessageTest()[pri:0, instance:com.tests.PHPTravelsTest@6833ce2c]" name="invalidEmailErrorMessageTest" duration-ms="0" started-at="2019-05-07T15:41:21Z" finished-at="2019-05-07T15:41:21Z">
          <reporter-output>
          </reporter-output>
        </test-method> <!-- invalidEmailErrorMessageTest -->
        <test-method status="SKIP" signature="tearDown()[pri:0, instance:com.tests.PHPTravelsTest@6833ce2c]" name="tearDown" is-config="true" duration-ms="0" started-at="2019-05-07T15:41:21Z" finished-at="2019-05-07T15:41:21Z">
          <reporter-output>
          </reporter-output>
        </test-method> <!-- tearDown -->
      </class> <!-- com.tests.PHPTravelsTest -->
    </test> <!-- Test -->
  </suite> <!-- Suite -->
</testng-results>
