<?xml version="1.0" encoding="UTF-8"?>
<!-- Generated by org.testng.reporters.JUnitXMLReporter -->
<testsuite hostname="BDC7-D-H452RG2" name="Test" tests="3" failures="0" timestamp="8 May 2019 04:05:02 GMT" time="0.02" errors="0">
  <testcase name="method1" time="0.008" classname="com.advanced.TestClass002_Groups"/>
  <testcase name="method2" time="0.0" classname="com.advanced.TestClass002_Groups"/>
  <testcase name="method5" time="0.0" classname="com.advanced.TestClass002_Groups"/>
</testsuite> <!-- Test -->
