<?xml version="1.0" encoding="UTF-8"?>
<testng-results skipped="0" failed="0" total="3" passed="3">
  <reporter-output>
  </reporter-output>
  <suite name="Default suite" duration-ms="37" started-at="2019-05-08T04:18:39Z" finished-at="2019-05-08T04:18:39Z">
    <groups>
      <group name="UI">
        <method signature="Test_Class003_Dependency.register()[pri:0, instance:com.advanced.Test_Class003_Dependency@25618e91]" name="register" class="com.advanced.Test_Class003_Dependency"/>
        <method signature="Test_Class003_Dependency.login()[pri:0, instance:com.advanced.Test_Class003_Dependency@25618e91]" name="login" class="com.advanced.Test_Class003_Dependency"/>
        <method signature="Test_Class003_Dependency.logout()[pri:0, instance:com.advanced.Test_Class003_Dependency@25618e91]" name="logout" class="com.advanced.Test_Class003_Dependency"/>
      </group> <!-- UI -->
    </groups>
    <test name="Default test" duration-ms="37" started-at="2019-05-08T04:18:39Z" finished-at="2019-05-08T04:18:39Z">
      <class name="com.advanced.Test_Class003_Dependency">
        <test-method status="PASS" signature="register()[pri:0, instance:com.advanced.Test_Class003_Dependency@25618e91]" name="register" duration-ms="13" started-at="2019-05-08T09:48:39Z" finished-at="2019-05-08T09:48:39Z">
          <reporter-output>
          </reporter-output>
        </test-method> <!-- register -->
        <test-method status="PASS" signature="login()[pri:0, instance:com.advanced.Test_Class003_Dependency@25618e91]" name="login" duration-ms="2" started-at="2019-05-08T09:48:39Z" depends-on-methods="com.advanced.Test_Class003_Dependency.register" finished-at="2019-05-08T09:48:39Z">
          <reporter-output>
          </reporter-output>
        </test-method> <!-- login -->
        <test-method status="PASS" signature="logout()[pri:0, instance:com.advanced.Test_Class003_Dependency@25618e91]" name="logout" duration-ms="1" started-at="2019-05-08T09:48:39Z" depends-on-methods="com.advanced.Test_Class003_Dependency.login, com.advanced.Test_Class003_Dependency.register" finished-at="2019-05-08T09:48:39Z">
          <reporter-output>
          </reporter-output>
        </test-method> <!-- logout -->
      </class> <!-- com.advanced.Test_Class003_Dependency -->
    </test> <!-- Default test -->
  </suite> <!-- Default suite -->
</testng-results>
