<?xml version="1.0" encoding="UTF-8"?>
<testng-results skipped="0" failed="0" total="1" passed="1">
  <reporter-output>
  </reporter-output>
  <suite name="Default suite" duration-ms="63564" started-at="2019-05-07T06:26:59Z" finished-at="2019-05-07T06:28:03Z">
    <groups>
    </groups>
    <test name="Default test" duration-ms="63564" started-at="2019-05-07T06:26:59Z" finished-at="2019-05-07T06:28:03Z">
      <class name="com.tests.LoginTestClass">
        <test-method status="PASS" signature="setUp()[pri:0, instance:com.tests.LoginTestClass@61a52fbd]" name="setUp" is-config="true" duration-ms="9274" started-at="2019-05-07T11:56:59Z" finished-at="2019-05-07T11:57:09Z">
          <reporter-output>
          </reporter-output>
        </test-method> <!-- setUp -->
        <test-method status="PASS" signature="readXMLAndPerformloginOperation()[pri:0, instance:com.tests.LoginTestClass@61a52fbd]" name="readXMLAndPerformloginOperation" duration-ms="54131" started-at="2019-05-07T11:57:09Z" finished-at="2019-05-07T11:58:03Z">
          <reporter-output>
          </reporter-output>
        </test-method> <!-- readXMLAndPerformloginOperation -->
        <test-method status="PASS" signature="tearDown()[pri:0, instance:com.tests.LoginTestClass@61a52fbd]" name="tearDown" is-config="true" duration-ms="138" started-at="2019-05-07T11:58:03Z" finished-at="2019-05-07T11:58:03Z">
          <reporter-output>
          </reporter-output>
        </test-method> <!-- tearDown -->
      </class> <!-- com.tests.LoginTestClass -->
    </test> <!-- Default test -->
  </suite> <!-- Default suite -->
</testng-results>
