<?xml version="1.0" encoding="UTF-8"?>
<testng-results skipped="1" failed="0" total="1" passed="0">
  <reporter-output>
  </reporter-output>
  <suite name="Default suite" duration-ms="38" started-at="2019-05-08T06:22:08Z" finished-at="2019-05-08T06:22:08Z">
    <groups>
    </groups>
    <test name="Default test" duration-ms="38" started-at="2019-05-08T06:22:08Z" finished-at="2019-05-08T06:22:08Z">
      <class name="com.grid.GridTest">
        <test-method status="FAIL" signature="setUp(java.lang.String, java.lang.String)[pri:0, instance:com.grid.GridTest@546a03af]" name="setUp" is-config="true" duration-ms="0" started-at="2019-05-08T11:52:08Z" finished-at="2019-05-08T11:52:08Z">
          <exception class="org.testng.TestNGException">
            <message>
              <![CDATA[
Parameter 'node' is required by @Configuration on method setUp but has not been marked @Optional or defined
in C:\Users\training_b7c.06.13\AppData\Local\Temp\testng-eclipse-768961309\testng-customsuite.xml]]>
            </message>
            <full-stacktrace>
              <![CDATA[org.testng.TestNGException: 
Parameter 'node' is required by @Configuration on method setUp but has not been marked @Optional or defined
in C:\Users\training_b7c.06.13\AppData\Local\Temp\testng-eclipse-768961309\testng-customsuite.xml
	at org.testng.internal.Parameters.createParameters(Parameters.java:155)
	at org.testng.internal.Parameters.createParameters(Parameters.java:358)
	at org.testng.internal.Parameters.createConfigurationParameters(Parameters.java:86)
	at org.testng.internal.Invoker.invokeConfigurations(Invoker.java:199)
	at org.testng.internal.Invoker.invokeConfigurations(Invoker.java:138)
	at org.testng.TestRunner.beforeRun(TestRunner.java:641)
	at org.testng.TestRunner.run(TestRunner.java:609)
	at org.testng.SuiteRunner.runTest(SuiteRunner.java:348)
	at org.testng.SuiteRunner.runSequentially(SuiteRunner.java:343)
	at org.testng.SuiteRunner.privateRun(SuiteRunner.java:305)
	at org.testng.SuiteRunner.run(SuiteRunner.java:254)
	at org.testng.SuiteRunnerWorker.runSuite(SuiteRunnerWorker.java:52)
	at org.testng.SuiteRunnerWorker.run(SuiteRunnerWorker.java:86)
	at org.testng.TestNG.runSuitesSequentially(TestNG.java:1224)
	at org.testng.TestNG.runSuitesLocally(TestNG.java:1149)
	at org.testng.TestNG.run(TestNG.java:1057)
	at org.testng.remote.RemoteTestNG.run(RemoteTestNG.java:115)
	at org.testng.remote.RemoteTestNG.initAndRun(RemoteTestNG.java:207)
	at org.testng.remote.RemoteTestNG.main(RemoteTestNG.java:178)
]]>
            </full-stacktrace>
          </exception> <!-- org.testng.TestNGException -->
          <reporter-output>
          </reporter-output>
        </test-method> <!-- setUp -->
        <test-method status="SKIP" signature="openApplication()[pri:0, instance:com.grid.GridTest@546a03af]" name="openApplication" duration-ms="8" started-at="2019-05-08T11:52:08Z" finished-at="2019-05-08T11:52:08Z">
          <reporter-output>
          </reporter-output>
        </test-method> <!-- openApplication -->
        <test-method status="SKIP" signature="tearDown()[pri:0, instance:com.grid.GridTest@546a03af]" name="tearDown" is-config="true" duration-ms="0" started-at="2019-05-08T11:52:08Z" finished-at="2019-05-08T11:52:08Z">
          <reporter-output>
          </reporter-output>
        </test-method> <!-- tearDown -->
      </class> <!-- com.grid.GridTest -->
    </test> <!-- Default test -->
  </suite> <!-- Default suite -->
</testng-results>
