<?xml version="1.0" encoding="UTF-8"?>
<!-- Generated by org.testng.reporters.JUnitXMLReporter -->
<testsuite hostname="BDC7-D-H452RG2" name="Default test" tests="3" failures="0" timestamp="8 May 2019 04:18:39 GMT" time="0.037" errors="0">
  <testcase name="register" time="0.013" classname="com.advanced.Test_Class003_Dependency"/>
  <testcase name="login" time="0.002" classname="com.advanced.Test_Class003_Dependency"/>
  <testcase name="logout" time="0.001" classname="com.advanced.Test_Class003_Dependency"/>
</testsuite> <!-- Default test -->
